
Showing logs for build [32mcb-kubecd-environment-pr-177-97-zz5hj-1[0m stage [32mfrom-build-pack[0m and container [32mstep-credential-initializer-v79gf[0m
{"level":"warn","ts":1583722597.4539354,"logger":"fallback-logger","caller":"logging/config.go:69","msg":"Fetch GitHub commit ID from kodata failed: \"ref: refs/heads/0.8.0-**-support-backwards-incompats\" is not a valid GitHub commit ID"}
{"level":"info","ts":1583722597.4546783,"logger":"fallback-logger","caller":"creds-init/main.go:40","msg":"Credentials initialized."}

Showing logs for build [32mcb-kubecd-environment-pr-177-97-zz5hj-1[0m stage [32mfrom-build-pack[0m and container [32mstep-working-dir-initializer-hpmkl[0m
{"level":"warn","ts":1583722598.5118632,"logger":"fallback-logger","caller":"logging/config.go:69","msg":"Fetch GitHub commit ID from kodata failed: open /var/run/ko/HEAD: no such file or directory"}
{"level":"info","ts":1583722598.5141373,"logger":"fallback-logger","caller":"bash/main.go:64","msg":"Successfully executed command \"sh -c mkdir -p /workspace/source\"; output "}

Showing logs for build [32mcb-kubecd-environment-pr-177-97-zz5hj-1[0m stage [32mfrom-build-pack[0m and container [32mstep-place-tools[0m

Showing logs for build [32mcb-kubecd-environment-pr-177-97-zz5hj-1[0m stage [32mfrom-build-pack[0m and container [32mstep-git-source-cb-kubecd-environment-pr-177-97-zz5hj-v4vlf[0m
{"level":"warn","ts":1583722602.5805573,"logger":"fallback-logger","caller":"logging/config.go:69","msg":"Fetch GitHub commit ID from kodata failed: \"ref: refs/heads/0.8.0-**-support-backwards-incompats\" is not a valid GitHub commit ID"}
{"level":"info","ts":1583722603.61972,"logger":"fallback-logger","caller":"git/git.go:103","msg":"Successfully cloned https://github.com/cb-kubecd/environment-pr-177-97-boot-gke-production.git @ master in path /workspace/source"}

Showing logs for build [32mcb-kubecd-environment-pr-177-97-zz5hj-1[0m stage [32mfrom-build-pack[0m and container [32mstep-git-merge[0m
Using SHAs from PULL_REFS=master:da4f579b8cc9c739a92dbe92994d9ed2d7f7bc2e,1:a0dfbfc010e505bc4da0dd8da5238c3b74edae19
DEBUG: LC_ALL=C JX_LOG_LEVEL=error git fetch origin --unshallow a0dfbfc010e505bc4da0dd8da5238c3b74edae19: da4f579b8cc9c739a92dbe92994d9ed2d7f7bc2e:
DEBUG: ran git fetch --unshallow origin a0dfbfc010e505bc4da0dd8da5238c3b74edae19: da4f579b8cc9c739a92dbe92994d9ed2d7f7bc2e: in 
DEBUG: LC_ALL=C JX_LOG_LEVEL=error git branch
DEBUG: LC_ALL=C JX_LOG_LEVEL=error git checkout master
DEBUG: ran git checkout master in 
DEBUG: LC_ALL=C JX_LOG_LEVEL=error git reset --hard da4f579b8cc9c739a92dbe92994d9ed2d7f7bc2e
DEBUG: ran git reset --hard da4f579b8cc9c739a92dbe92994d9ed2d7f7bc2e in 
DEBUG: LC_ALL=C JX_LOG_LEVEL=error git clean -fd .
DEBUG: ran clean --force -d . in 
DEBUG: LC_ALL=C JX_LOG_LEVEL=error git merge a0dfbfc010e505bc4da0dd8da5238c3b74edae19
DEBUG: ran git merge a0dfbfc010e505bc4da0dd8da5238c3b74edae19 in 
DEBUG: LC_ALL=C JX_LOG_LEVEL=error git log --format=%H%x1f%an%x1f%ae%x1f%cn%x1f%ce%x1f%s%n%b%x1e da4f579b8cc9c739a92dbe92994d9ed2d7f7bc2e..HEAD
Merged SHA a0dfbfc010e505bc4da0dd8da5238c3b74edae19 with commit message 'chore: Promote bdd-spring-1583721727 to version 0.0.1' into base branch master

Showing logs for build [32mcb-kubecd-environment-pr-177-97-zz5hj-1[0m stage [32mfrom-build-pack[0m and container [32mstep-build-helm-build[0m
WARNING: No $CHART_REPOSITORY defined so using the default value of: http://jenkins-x-chartmuseum:8080
Adding missing Helm repo: storage.googleapis.com https://storage.googleapis.com/chartmuseum.jenkins-x.io
WARNING: No secrets found on "helm/repos" due: reading the secret "helm/repos" from vault: no secret "helm/repos" not found in vault
Read credentials for https://storage.googleapis.com/chartmuseum.jenkins-x.io from vault helm/repos
Successfully added Helm repository storage.googleapis.com.
Adding missing Helm repo: jenkins-x-chartmuseum http://jenkins-x-chartmuseum:8080
WARNING: No secrets found on "helm/repos" due: reading the secret "helm/repos" from vault: no secret "helm/repos" not found in vault
Read credentials for http://jenkins-x-chartmuseum:8080 from vault helm/repos
Successfully added Helm repository jenkins-x-chartmuseum.
WARNING: No $CHART_REPOSITORY defined so using the default value of: http://jenkins-x-chartmuseum:8080
Adding missing Helm repo: chartmuseum.jenkins-x.io http://chartmuseum.jenkins-x.io
WARNING: No secrets found on "helm/repos" due: reading the secret "helm/repos" from vault: no secret "helm/repos" not found in vault
Read credentials for http://chartmuseum.jenkins-x.io from vault helm/repos
Successfully added Helm repository chartmuseum.jenkins-x.io.
